{"C:\\Users\\phamh\\OneDrive\\Desktop\\fullStack\\bloglist-frontend\\src\\App.js": {"path":"C:\\Users\\phamh\\OneDrive\\Desktop\\fullStack\\bloglist-frontend\\src\\App.js","statementMap":{"0":{"start":{"line":7,"column":12},"end":{"line":141,"column":1}},"1":{"start":{"line":8,"column":30},"end":{"line":8,"column":42}},"2":{"start":{"line":9,"column":36},"end":{"line":9,"column":48}},"3":{"start":{"line":10,"column":36},"end":{"line":10,"column":48}},"4":{"start":{"line":11,"column":28},"end":{"line":11,"column":42}},"5":{"start":{"line":12,"column":34},"end":{"line":12,"column":48}},"6":{"start":{"line":14,"column":4},"end":{"line":18,"column":10}},"7":{"start":{"line":15,"column":8},"end":{"line":17,"column":9}},"8":{"start":{"line":16,"column":12},"end":{"line":16,"column":62}},"9":{"start":{"line":16,"column":42},"end":{"line":16,"column":59}},"10":{"start":{"line":19,"column":4},"end":{"line":26,"column":10}},"11":{"start":{"line":20,"column":31},"end":{"line":20,"column":79}},"12":{"start":{"line":21,"column":8},"end":{"line":25,"column":9}},"13":{"start":{"line":22,"column":25},"end":{"line":22,"column":51}},"14":{"start":{"line":23,"column":12},"end":{"line":23,"column":25}},"15":{"start":{"line":24,"column":12},"end":{"line":24,"column":44}},"16":{"start":{"line":27,"column":24},"end":{"line":34,"column":5}},"17":{"start":{"line":28,"column":8},"end":{"line":30,"column":9}},"18":{"start":{"line":29,"column":12},"end":{"line":29,"column":23}},"19":{"start":{"line":31,"column":8},"end":{"line":33,"column":9}},"20":{"start":{"line":35,"column":24},"end":{"line":52,"column":5}},"21":{"start":{"line":36,"column":8},"end":{"line":36,"column":30}},"22":{"start":{"line":37,"column":8},"end":{"line":51,"column":9}},"23":{"start":{"line":38,"column":25},"end":{"line":40,"column":14}},"24":{"start":{"line":41,"column":12},"end":{"line":43,"column":13}},"25":{"start":{"line":44,"column":12},"end":{"line":44,"column":44}},"26":{"start":{"line":45,"column":12},"end":{"line":45,"column":25}},"27":{"start":{"line":46,"column":12},"end":{"line":46,"column":27}},"28":{"start":{"line":47,"column":12},"end":{"line":47,"column":27}},"29":{"start":{"line":49,"column":12},"end":{"line":49,"column":52}},"30":{"start":{"line":50,"column":12},"end":{"line":50,"column":52}},"31":{"start":{"line":50,"column":29},"end":{"line":50,"column":45}},"32":{"start":{"line":53,"column":25},"end":{"line":57,"column":5}},"33":{"start":{"line":54,"column":8},"end":{"line":54,"column":30}},"34":{"start":{"line":55,"column":8},"end":{"line":55,"column":21}},"35":{"start":{"line":56,"column":8},"end":{"line":56,"column":35}},"36":{"start":{"line":58,"column":25},"end":{"line":73,"column":5}},"37":{"start":{"line":59,"column":8},"end":{"line":70,"column":9}},"38":{"start":{"line":60,"column":12},"end":{"line":60,"column":50}},"39":{"start":{"line":61,"column":12},"end":{"line":61,"column":42}},"40":{"start":{"line":62,"column":29},"end":{"line":62,"column":55}},"41":{"start":{"line":63,"column":12},"end":{"line":63,"column":30}},"42":{"start":{"line":64,"column":12},"end":{"line":64,"column":74}},"43":{"start":{"line":65,"column":12},"end":{"line":65,"column":52}},"44":{"start":{"line":65,"column":29},"end":{"line":65,"column":45}},"45":{"start":{"line":67,"column":12},"end":{"line":67,"column":26}},"46":{"start":{"line":68,"column":12},"end":{"line":68,"column":29}},"47":{"start":{"line":69,"column":12},"end":{"line":69,"column":35}},"48":{"start":{"line":74,"column":24},"end":{"line":74,"column":32}},"49":{"start":{"line":76,"column":25},"end":{"line":87,"column":5}},"50":{"start":{"line":77,"column":8},"end":{"line":86,"column":9}},"51":{"start":{"line":78,"column":12},"end":{"line":78,"column":46}},"52":{"start":{"line":79,"column":29},"end":{"line":79,"column":55}},"53":{"start":{"line":80,"column":12},"end":{"line":80,"column":30}},"54":{"start":{"line":81,"column":12},"end":{"line":81,"column":54}},"55":{"start":{"line":82,"column":12},"end":{"line":82,"column":52}},"56":{"start":{"line":82,"column":29},"end":{"line":82,"column":45}},"57":{"start":{"line":84,"column":12},"end":{"line":84,"column":26}},"58":{"start":{"line":85,"column":12},"end":{"line":85,"column":27}},"59":{"start":{"line":88,"column":25},"end":{"line":95,"column":5}},"60":{"start":{"line":89,"column":8},"end":{"line":94,"column":53}},"61":{"start":{"line":90,"column":9},"end":{"line":90,"column":41}},"62":{"start":{"line":91,"column":29},"end":{"line":91,"column":55}},"63":{"start":{"line":92,"column":12},"end":{"line":92,"column":30}},"64":{"start":{"line":93,"column":12},"end":{"line":93,"column":56}},"65":{"start":{"line":94,"column":12},"end":{"line":94,"column":52}},"66":{"start":{"line":94,"column":29},"end":{"line":94,"column":45}},"67":{"start":{"line":97,"column":4},"end":{"line":125,"column":5}},"68":{"start":{"line":98,"column":8},"end":{"line":124,"column":9}},"69":{"start":{"line":109,"column":54},"end":{"line":109,"column":79}},"70":{"start":{"line":118,"column":54},"end":{"line":118,"column":79}},"71":{"start":{"line":127,"column":4},"end":{"line":140,"column":5}},"72":{"start":{"line":137,"column":16},"end":{"line":137,"column":129}}},"fnMap":{"0":{"name":"(anonymous_0)","decl":{"start":{"line":7,"column":12},"end":{"line":7,"column":13}},"loc":{"start":{"line":7,"column":18},"end":{"line":141,"column":1}},"line":7},"1":{"name":"(anonymous_1)","decl":{"start":{"line":14,"column":14},"end":{"line":14,"column":15}},"loc":{"start":{"line":14,"column":20},"end":{"line":18,"column":5}},"line":14},"2":{"name":"(anonymous_2)","decl":{"start":{"line":15,"column":34},"end":{"line":15,"column":35}},"loc":{"start":{"line":16,"column":12},"end":{"line":16,"column":62}},"line":16},"3":{"name":"(anonymous_3)","decl":{"start":{"line":16,"column":33},"end":{"line":16,"column":34}},"loc":{"start":{"line":16,"column":42},"end":{"line":16,"column":59}},"line":16},"4":{"name":"(anonymous_4)","decl":{"start":{"line":19,"column":14},"end":{"line":19,"column":15}},"loc":{"start":{"line":19,"column":20},"end":{"line":26,"column":5}},"line":19},"5":{"name":"(anonymous_5)","decl":{"start":{"line":27,"column":24},"end":{"line":27,"column":25}},"loc":{"start":{"line":27,"column":41},"end":{"line":34,"column":5}},"line":27},"6":{"name":"(anonymous_6)","decl":{"start":{"line":35,"column":24},"end":{"line":35,"column":25}},"loc":{"start":{"line":35,"column":41},"end":{"line":52,"column":5}},"line":35},"7":{"name":"(anonymous_7)","decl":{"start":{"line":50,"column":23},"end":{"line":50,"column":24}},"loc":{"start":{"line":50,"column":29},"end":{"line":50,"column":45}},"line":50},"8":{"name":"(anonymous_8)","decl":{"start":{"line":53,"column":25},"end":{"line":53,"column":26}},"loc":{"start":{"line":53,"column":42},"end":{"line":57,"column":5}},"line":53},"9":{"name":"(anonymous_9)","decl":{"start":{"line":58,"column":25},"end":{"line":58,"column":26}},"loc":{"start":{"line":58,"column":41},"end":{"line":73,"column":5}},"line":58},"10":{"name":"(anonymous_10)","decl":{"start":{"line":65,"column":23},"end":{"line":65,"column":24}},"loc":{"start":{"line":65,"column":29},"end":{"line":65,"column":45}},"line":65},"11":{"name":"(anonymous_11)","decl":{"start":{"line":76,"column":25},"end":{"line":76,"column":26}},"loc":{"start":{"line":76,"column":45},"end":{"line":87,"column":5}},"line":76},"12":{"name":"(anonymous_12)","decl":{"start":{"line":82,"column":23},"end":{"line":82,"column":24}},"loc":{"start":{"line":82,"column":29},"end":{"line":82,"column":45}},"line":82},"13":{"name":"(anonymous_13)","decl":{"start":{"line":88,"column":25},"end":{"line":88,"column":26}},"loc":{"start":{"line":88,"column":45},"end":{"line":95,"column":5}},"line":88},"14":{"name":"(anonymous_14)","decl":{"start":{"line":94,"column":23},"end":{"line":94,"column":24}},"loc":{"start":{"line":94,"column":29},"end":{"line":94,"column":45}},"line":94},"15":{"name":"(anonymous_15)","decl":{"start":{"line":109,"column":38},"end":{"line":109,"column":39}},"loc":{"start":{"line":109,"column":54},"end":{"line":109,"column":79}},"line":109},"16":{"name":"(anonymous_16)","decl":{"start":{"line":118,"column":38},"end":{"line":118,"column":39}},"loc":{"start":{"line":118,"column":54},"end":{"line":118,"column":79}},"line":118},"17":{"name":"(anonymous_17)","decl":{"start":{"line":136,"column":23},"end":{"line":136,"column":24}},"loc":{"start":{"line":137,"column":16},"end":{"line":137,"column":129}},"line":137}},"branchMap":{"0":{"loc":{"start":{"line":21,"column":8},"end":{"line":25,"column":9}},"type":"if","locations":[{"start":{"line":21,"column":8},"end":{"line":25,"column":9}},{"start":{"line":21,"column":8},"end":{"line":25,"column":9}}],"line":21},"1":{"loc":{"start":{"line":28,"column":8},"end":{"line":30,"column":9}},"type":"if","locations":[{"start":{"line":28,"column":8},"end":{"line":30,"column":9}},{"start":{"line":28,"column":8},"end":{"line":30,"column":9}}],"line":28},"2":{"loc":{"start":{"line":89,"column":8},"end":{"line":94,"column":53}},"type":"if","locations":[{"start":{"line":89,"column":8},"end":{"line":94,"column":53}},{"start":{"line":89,"column":8},"end":{"line":94,"column":53}}],"line":89},"3":{"loc":{"start":{"line":97,"column":4},"end":{"line":125,"column":5}},"type":"if","locations":[{"start":{"line":97,"column":4},"end":{"line":125,"column":5}},{"start":{"line":97,"column":4},"end":{"line":125,"column":5}}],"line":97}},"s":{"0":0,"1":0,"2":0,"3":0,"4":0,"5":0,"6":0,"7":0,"8":0,"9":0,"10":0,"11":0,"12":0,"13":0,"14":0,"15":0,"16":0,"17":0,"18":0,"19":0,"20":0,"21":0,"22":0,"23":0,"24":0,"25":0,"26":0,"27":0,"28":0,"29":0,"30":0,"31":0,"32":0,"33":0,"34":0,"35":0,"36":0,"37":0,"38":0,"39":0,"40":0,"41":0,"42":0,"43":0,"44":0,"45":0,"46":0,"47":0,"48":0,"49":0,"50":0,"51":0,"52":0,"53":0,"54":0,"55":0,"56":0,"57":0,"58":0,"59":0,"60":0,"61":0,"62":0,"63":0,"64":0,"65":0,"66":0,"67":0,"68":0,"69":0,"70":0,"71":0,"72":0},"f":{"0":0,"1":0,"2":0,"3":0,"4":0,"5":0,"6":0,"7":0,"8":0,"9":0,"10":0,"11":0,"12":0,"13":0,"14":0,"15":0,"16":0,"17":0},"b":{"0":[0,0],"1":[0,0],"2":[0,0],"3":[0,0]}}
,"C:\\Users\\phamh\\OneDrive\\Desktop\\fullStack\\bloglist-frontend\\src\\index.js": {"path":"C:\\Users\\phamh\\OneDrive\\Desktop\\fullStack\\bloglist-frontend\\src\\index.js","statementMap":{"0":{"start":{"line":5,"column":0},"end":{"line":5,"column":57}}},"fnMap":{},"branchMap":{},"s":{"0":0},"f":{},"b":{}}
,"C:\\Users\\phamh\\OneDrive\\Desktop\\fullStack\\bloglist-frontend\\src\\components\\Blog.js": {"path":"C:\\Users\\phamh\\OneDrive\\Desktop\\fullStack\\bloglist-frontend\\src\\components\\Blog.js","statementMap":{"0":{"start":{"line":3,"column":13},"end":{"line":53,"column":6}},"1":{"start":{"line":4,"column":34},"end":{"line":4,"column":49}},"2":{"start":{"line":6,"column":28},"end":{"line":6,"column":62}},"3":{"start":{"line":7,"column":28},"end":{"line":7,"column":62}},"4":{"start":{"line":8,"column":26},"end":{"line":10,"column":27}},"5":{"start":{"line":11,"column":29},"end":{"line":13,"column":5}},"6":{"start":{"line":12,"column":8},"end":{"line":12,"column":28}},"7":{"start":{"line":14,"column":22},"end":{"line":20,"column":5}},"8":{"start":{"line":22,"column":25},"end":{"line":31,"column":5}},"9":{"start":{"line":23,"column":8},"end":{"line":23,"column":30}},"10":{"start":{"line":24,"column":8},"end":{"line":30,"column":10}},"11":{"start":{"line":33,"column":23},"end":{"line":39,"column":5}},"12":{"start":{"line":34,"column":8},"end":{"line":34,"column":30}},"13":{"start":{"line":35,"column":8},"end":{"line":38,"column":10}},"14":{"start":{"line":40,"column":4},"end":{"line":53,"column":5}}},"fnMap":{"0":{"name":"(anonymous_0)","decl":{"start":{"line":3,"column":13},"end":{"line":3,"column":14}},"loc":{"start":{"line":3,"column":65},"end":{"line":53,"column":6}},"line":3},"1":{"name":"(anonymous_1)","decl":{"start":{"line":11,"column":29},"end":{"line":11,"column":30}},"loc":{"start":{"line":11,"column":35},"end":{"line":13,"column":5}},"line":11},"2":{"name":"(anonymous_2)","decl":{"start":{"line":22,"column":25},"end":{"line":22,"column":26}},"loc":{"start":{"line":22,"column":36},"end":{"line":31,"column":5}},"line":22},"3":{"name":"(anonymous_3)","decl":{"start":{"line":33,"column":23},"end":{"line":33,"column":24}},"loc":{"start":{"line":33,"column":34},"end":{"line":39,"column":5}},"line":33}},"branchMap":{"0":{"loc":{"start":{"line":6,"column":39},"end":{"line":6,"column":60}},"type":"cond-expr","locations":[{"start":{"line":6,"column":49},"end":{"line":6,"column":55}},{"start":{"line":6,"column":58},"end":{"line":6,"column":60}}],"line":6},"1":{"loc":{"start":{"line":7,"column":39},"end":{"line":7,"column":60}},"type":"cond-expr","locations":[{"start":{"line":7,"column":49},"end":{"line":7,"column":51}},{"start":{"line":7,"column":54},"end":{"line":7,"column":60}}],"line":7},"2":{"loc":{"start":{"line":8,"column":26},"end":{"line":10,"column":27}},"type":"cond-expr","locations":[{"start":{"line":9,"column":8},"end":{"line":9,"column":62}},{"start":{"line":10,"column":8},"end":{"line":10,"column":27}}],"line":8},"3":{"loc":{"start":{"line":9,"column":19},"end":{"line":9,"column":60}},"type":"cond-expr","locations":[{"start":{"line":9,"column":49},"end":{"line":9,"column":51}},{"start":{"line":9,"column":54},"end":{"line":9,"column":60}}],"line":9}},"s":{"0":1,"1":5,"2":5,"3":5,"4":5,"5":5,"6":1,"7":5,"8":5,"9":2,"10":2,"11":5,"12":0,"13":0,"14":5},"f":{"0":5,"1":1,"2":2,"3":0},"b":{"0":[1,4],"1":[1,4],"2":[0,5],"3":[0,0]},"_coverageSchema":"1a1c01bbd47fc00a2c39e90264f33305004495a9","hash":"b1e9e3d588a3960d20eb45102efda420e6859066"}
,"C:\\Users\\phamh\\OneDrive\\Desktop\\fullStack\\bloglist-frontend\\src\\components\\Blogform.js": {"path":"C:\\Users\\phamh\\OneDrive\\Desktop\\fullStack\\bloglist-frontend\\src\\components\\Blogform.js","statementMap":{"0":{"start":{"line":3,"column":17},"end":{"line":52,"column":1}},"1":{"start":{"line":4,"column":30},"end":{"line":4,"column":42}},"2":{"start":{"line":5,"column":32},"end":{"line":5,"column":44}},"3":{"start":{"line":6,"column":26},"end":{"line":6,"column":38}},"4":{"start":{"line":8,"column":20},"end":{"line":18,"column":5}},"5":{"start":{"line":9,"column":8},"end":{"line":9,"column":30}},"6":{"start":{"line":10,"column":8},"end":{"line":14,"column":10}},"7":{"start":{"line":15,"column":8},"end":{"line":15,"column":20}},"8":{"start":{"line":16,"column":8},"end":{"line":16,"column":21}},"9":{"start":{"line":17,"column":8},"end":{"line":17,"column":18}},"10":{"start":{"line":20,"column":4},"end":{"line":51,"column":5}},"11":{"start":{"line":28,"column":48},"end":{"line":28,"column":70}},"12":{"start":{"line":37,"column":48},"end":{"line":37,"column":71}},"13":{"start":{"line":46,"column":48},"end":{"line":46,"column":68}}},"fnMap":{"0":{"name":"(anonymous_0)","decl":{"start":{"line":3,"column":17},"end":{"line":3,"column":18}},"loc":{"start":{"line":3,"column":39},"end":{"line":52,"column":1}},"line":3},"1":{"name":"(anonymous_1)","decl":{"start":{"line":8,"column":20},"end":{"line":8,"column":21}},"loc":{"start":{"line":8,"column":31},"end":{"line":18,"column":5}},"line":8},"2":{"name":"(anonymous_2)","decl":{"start":{"line":28,"column":32},"end":{"line":28,"column":33}},"loc":{"start":{"line":28,"column":48},"end":{"line":28,"column":70}},"line":28},"3":{"name":"(anonymous_3)","decl":{"start":{"line":37,"column":32},"end":{"line":37,"column":33}},"loc":{"start":{"line":37,"column":48},"end":{"line":37,"column":71}},"line":37},"4":{"name":"(anonymous_4)","decl":{"start":{"line":46,"column":32},"end":{"line":46,"column":33}},"loc":{"start":{"line":46,"column":48},"end":{"line":46,"column":68}},"line":46}},"branchMap":{},"s":{"0":1,"1":5,"2":5,"3":5,"4":5,"5":1,"6":1,"7":1,"8":1,"9":1,"10":5,"11":1,"12":1,"13":1},"f":{"0":5,"1":1,"2":1,"3":1,"4":1},"b":{},"_coverageSchema":"1a1c01bbd47fc00a2c39e90264f33305004495a9","hash":"39bc891a0cd885ca7d9d52eb7f3f706d945f03f1"}
,"C:\\Users\\phamh\\OneDrive\\Desktop\\fullStack\\bloglist-frontend\\src\\components\\Togglable.js": {"path":"C:\\Users\\phamh\\OneDrive\\Desktop\\fullStack\\bloglist-frontend\\src\\components\\Togglable.js","statementMap":{"0":{"start":{"line":4,"column":18},"end":{"line":34,"column":2}},"1":{"start":{"line":5,"column":34},"end":{"line":5,"column":49}},"2":{"start":{"line":7,"column":28},"end":{"line":7,"column":62}},"3":{"start":{"line":8,"column":28},"end":{"line":8,"column":62}},"4":{"start":{"line":10,"column":29},"end":{"line":12,"column":5}},"5":{"start":{"line":11,"column":8},"end":{"line":11,"column":28}},"6":{"start":{"line":14,"column":4},"end":{"line":18,"column":6}},"7":{"start":{"line":15,"column":8},"end":{"line":17,"column":9}},"8":{"start":{"line":20,"column":4},"end":{"line":22,"column":5}},"9":{"start":{"line":23,"column":4},"end":{"line":33,"column":5}},"10":{"start":{"line":36,"column":0},"end":{"line":36,"column":35}}},"fnMap":{"0":{"name":"(anonymous_0)","decl":{"start":{"line":4,"column":35},"end":{"line":4,"column":36}},"loc":{"start":{"line":4,"column":51},"end":{"line":34,"column":1}},"line":4},"1":{"name":"(anonymous_1)","decl":{"start":{"line":10,"column":29},"end":{"line":10,"column":30}},"loc":{"start":{"line":10,"column":35},"end":{"line":12,"column":5}},"line":10},"2":{"name":"(anonymous_2)","decl":{"start":{"line":14,"column":29},"end":{"line":14,"column":30}},"loc":{"start":{"line":14,"column":35},"end":{"line":18,"column":5}},"line":14}},"branchMap":{"0":{"loc":{"start":{"line":7,"column":39},"end":{"line":7,"column":60}},"type":"cond-expr","locations":[{"start":{"line":7,"column":49},"end":{"line":7,"column":55}},{"start":{"line":7,"column":58},"end":{"line":7,"column":60}}],"line":7},"1":{"loc":{"start":{"line":8,"column":39},"end":{"line":8,"column":60}},"type":"cond-expr","locations":[{"start":{"line":8,"column":49},"end":{"line":8,"column":51}},{"start":{"line":8,"column":54},"end":{"line":8,"column":60}}],"line":8}},"s":{"0":0,"1":0,"2":0,"3":0,"4":0,"5":0,"6":0,"7":0,"8":0,"9":0,"10":0},"f":{"0":0,"1":0,"2":0},"b":{"0":[0,0],"1":[0,0]}}
,"C:\\Users\\phamh\\OneDrive\\Desktop\\fullStack\\bloglist-frontend\\src\\services\\blogs.js": {"path":"C:\\Users\\phamh\\OneDrive\\Desktop\\fullStack\\bloglist-frontend\\src\\services\\blogs.js","statementMap":{"0":{"start":{"line":2,"column":16},"end":{"line":2,"column":28}},"1":{"start":{"line":3,"column":12},"end":{"line":3,"column":16}},"2":{"start":{"line":4,"column":17},"end":{"line":6,"column":1}},"3":{"start":{"line":5,"column":4},"end":{"line":5,"column":32}},"4":{"start":{"line":7,"column":15},"end":{"line":10,"column":1}},"5":{"start":{"line":8,"column":21},"end":{"line":8,"column":45}},"6":{"start":{"line":9,"column":4},"end":{"line":9,"column":24}},"7":{"start":{"line":12,"column":15},"end":{"line":18,"column":1}},"8":{"start":{"line":13,"column":19},"end":{"line":15,"column":5}},"9":{"start":{"line":16,"column":21},"end":{"line":16,"column":63}},"10":{"start":{"line":17,"column":4},"end":{"line":17,"column":24}},"11":{"start":{"line":20,"column":15},"end":{"line":23,"column":1}},"12":{"start":{"line":21,"column":21},"end":{"line":21,"column":65}},"13":{"start":{"line":22,"column":4},"end":{"line":22,"column":24}},"14":{"start":{"line":25,"column":19},"end":{"line":28,"column":1}},"15":{"start":{"line":26,"column":21},"end":{"line":26,"column":59}},"16":{"start":{"line":27,"column":4},"end":{"line":27,"column":24}}},"fnMap":{"0":{"name":"(anonymous_0)","decl":{"start":{"line":4,"column":17},"end":{"line":4,"column":18}},"loc":{"start":{"line":4,"column":29},"end":{"line":6,"column":1}},"line":4},"1":{"name":"(anonymous_1)","decl":{"start":{"line":7,"column":15},"end":{"line":7,"column":16}},"loc":{"start":{"line":7,"column":27},"end":{"line":10,"column":1}},"line":7},"2":{"name":"(anonymous_2)","decl":{"start":{"line":12,"column":15},"end":{"line":12,"column":16}},"loc":{"start":{"line":12,"column":34},"end":{"line":18,"column":1}},"line":12},"3":{"name":"(anonymous_3)","decl":{"start":{"line":20,"column":15},"end":{"line":20,"column":16}},"loc":{"start":{"line":20,"column":38},"end":{"line":23,"column":1}},"line":20},"4":{"name":"(anonymous_4)","decl":{"start":{"line":25,"column":19},"end":{"line":25,"column":20}},"loc":{"start":{"line":25,"column":33},"end":{"line":28,"column":1}},"line":25}},"branchMap":{},"s":{"0":0,"1":0,"2":0,"3":0,"4":0,"5":0,"6":0,"7":0,"8":0,"9":0,"10":0,"11":0,"12":0,"13":0,"14":0,"15":0,"16":0},"f":{"0":0,"1":0,"2":0,"3":0,"4":0},"b":{}}
,"C:\\Users\\phamh\\OneDrive\\Desktop\\fullStack\\bloglist-frontend\\src\\services\\login.js": {"path":"C:\\Users\\phamh\\OneDrive\\Desktop\\fullStack\\bloglist-frontend\\src\\services\\login.js","statementMap":{"0":{"start":{"line":2,"column":16},"end":{"line":2,"column":28}},"1":{"start":{"line":4,"column":14},"end":{"line":7,"column":1}},"2":{"start":{"line":5,"column":21},"end":{"line":5,"column":59}},"3":{"start":{"line":6,"column":4},"end":{"line":6,"column":24}}},"fnMap":{"0":{"name":"(anonymous_0)","decl":{"start":{"line":4,"column":14},"end":{"line":4,"column":15}},"loc":{"start":{"line":4,"column":35},"end":{"line":7,"column":1}},"line":4}},"branchMap":{},"s":{"0":0,"1":0,"2":0,"3":0},"f":{"0":0},"b":{}}
}
